<?xml version="1.0" encoding="UTF-8"?>
<!-- Generated by org.testng.reporters.JUnitReportReporter -->
<testsuite hostname="DESKTOP-Q7OBKJG" failures="0" tests="3" name="test.Internet" time="4.936" errors="0" timestamp="2020-10-25T20:40:02 GET" skipped="0">
  <testcase classname="test.Internet" name="fileUploadTest" time="2.330"/>
  <system-out/>
  <testcase classname="test.Internet" name="shiftingContentTest" time="2.004"/>
  <system-out/>
  <testcase classname="test.Internet" name="challengingDOMTest" time="0.602"/>
  <system-out/>
</testsuite> <!-- test.Internet -->
